2021-08-09 15:44:42 error: Error: Can't add new command when connection is in closed state
    at Connection._addCommandClosedState (C:\eclipse-jee-2021-03-R-win32-x86_64\eclipse\fileworkspace\React-practices\integration\app01.emaillist\node_modules\mysql2\lib\connection.js:137:17)
    at Connection.end (C:\eclipse-jee-2021-03-R-win32-x86_64\eclipse\fileworkspace\React-practices\integration\app01.emaillist\node_modules\mysql2\lib\connection.js:819:26)
    at Object.findAll (C:\eclipse-jee-2021-03-R-win32-x86_64\eclipse\fileworkspace\React-practices\integration\app01.emaillist\backend\models\emaillist.js:18:18)
    at processTicksAndRejections (internal/process/task_queues.js:95:5)
    at async readAll (C:\eclipse-jee-2021-03-R-win32-x86_64\eclipse\fileworkspace\React-practices\integration\app01.emaillist\backend\controllers\emaillist.js:6:29)
2021-08-09 15:44:52 error: Error: Can't add new command when connection is in closed state
    at Connection._addCommandClosedState (C:\eclipse-jee-2021-03-R-win32-x86_64\eclipse\fileworkspace\React-practices\integration\app01.emaillist\node_modules\mysql2\lib\connection.js:137:17)
    at Connection.end (C:\eclipse-jee-2021-03-R-win32-x86_64\eclipse\fileworkspace\React-practices\integration\app01.emaillist\node_modules\mysql2\lib\connection.js:819:26)
    at Object.findAll (C:\eclipse-jee-2021-03-R-win32-x86_64\eclipse\fileworkspace\React-practices\integration\app01.emaillist\backend\models\emaillist.js:18:18)
    at processTicksAndRejections (internal/process/task_queues.js:95:5)
    at async readAll (C:\eclipse-jee-2021-03-R-win32-x86_64\eclipse\fileworkspace\React-practices\integration\app01.emaillist\backend\controllers\emaillist.js:6:29)
2021-08-09 15:46:59 error: Error: Can't add new command when connection is in closed state
    at Connection._addCommandClosedState (C:\eclipse-jee-2021-03-R-win32-x86_64\eclipse\fileworkspace\React-practices\integration\app01.emaillist\node_modules\mysql2\lib\connection.js:137:17)
    at Connection.end (C:\eclipse-jee-2021-03-R-win32-x86_64\eclipse\fileworkspace\React-practices\integration\app01.emaillist\node_modules\mysql2\lib\connection.js:819:26)
    at Object.findAll (C:\eclipse-jee-2021-03-R-win32-x86_64\eclipse\fileworkspace\React-practices\integration\app01.emaillist\backend\models\emaillist.js:18:18)
    at processTicksAndRejections (internal/process/task_queues.js:95:5)
    at async readAll (C:\eclipse-jee-2021-03-R-win32-x86_64\eclipse\fileworkspace\React-practices\integration\app01.emaillist\backend\controllers\emaillist.js:6:29)
2021-08-09 15:47:01 error: Error: Can't add new command when connection is in closed state
    at Connection._addCommandClosedState (C:\eclipse-jee-2021-03-R-win32-x86_64\eclipse\fileworkspace\React-practices\integration\app01.emaillist\node_modules\mysql2\lib\connection.js:137:17)
    at Connection.end (C:\eclipse-jee-2021-03-R-win32-x86_64\eclipse\fileworkspace\React-practices\integration\app01.emaillist\node_modules\mysql2\lib\connection.js:819:26)
    at Object.findAll (C:\eclipse-jee-2021-03-R-win32-x86_64\eclipse\fileworkspace\React-practices\integration\app01.emaillist\backend\models\emaillist.js:18:18)
    at processTicksAndRejections (internal/process/task_queues.js:95:5)
    at async readAll (C:\eclipse-jee-2021-03-R-win32-x86_64\eclipse\fileworkspace\React-practices\integration\app01.emaillist\backend\controllers\emaillist.js:6:29)
2021-08-09 15:47:15 error: Error: Can't add new command when connection is in closed state
    at Connection._addCommandClosedState (C:\eclipse-jee-2021-03-R-win32-x86_64\eclipse\fileworkspace\React-practices\integration\app01.emaillist\node_modules\mysql2\lib\connection.js:137:17)
    at Connection.end (C:\eclipse-jee-2021-03-R-win32-x86_64\eclipse\fileworkspace\React-practices\integration\app01.emaillist\node_modules\mysql2\lib\connection.js:819:26)
    at Object.findAll (C:\eclipse-jee-2021-03-R-win32-x86_64\eclipse\fileworkspace\React-practices\integration\app01.emaillist\backend\models\emaillist.js:18:18)
    at processTicksAndRejections (internal/process/task_queues.js:95:5)
    at async readAll (C:\eclipse-jee-2021-03-R-win32-x86_64\eclipse\fileworkspace\React-practices\integration\app01.emaillist\backend\controllers\emaillist.js:6:29)
2021-08-09 15:47:17 error: Error: Can't add new command when connection is in closed state
    at Connection._addCommandClosedState (C:\eclipse-jee-2021-03-R-win32-x86_64\eclipse\fileworkspace\React-practices\integration\app01.emaillist\node_modules\mysql2\lib\connection.js:137:17)
    at Connection.end (C:\eclipse-jee-2021-03-R-win32-x86_64\eclipse\fileworkspace\React-practices\integration\app01.emaillist\node_modules\mysql2\lib\connection.js:819:26)
    at Object.findAll (C:\eclipse-jee-2021-03-R-win32-x86_64\eclipse\fileworkspace\React-practices\integration\app01.emaillist\backend\models\emaillist.js:18:18)
    at processTicksAndRejections (internal/process/task_queues.js:95:5)
    at async readAll (C:\eclipse-jee-2021-03-R-win32-x86_64\eclipse\fileworkspace\React-practices\integration\app01.emaillist\backend\controllers\emaillist.js:6:29)
2021-08-09 15:47:17 error: Error: Can't add new command when connection is in closed state
    at Connection._addCommandClosedState (C:\eclipse-jee-2021-03-R-win32-x86_64\eclipse\fileworkspace\React-practices\integration\app01.emaillist\node_modules\mysql2\lib\connection.js:137:17)
    at Connection.end (C:\eclipse-jee-2021-03-R-win32-x86_64\eclipse\fileworkspace\React-practices\integration\app01.emaillist\node_modules\mysql2\lib\connection.js:819:26)
    at Object.findAll (C:\eclipse-jee-2021-03-R-win32-x86_64\eclipse\fileworkspace\React-practices\integration\app01.emaillist\backend\models\emaillist.js:18:18)
    at processTicksAndRejections (internal/process/task_queues.js:95:5)
    at async readAll (C:\eclipse-jee-2021-03-R-win32-x86_64\eclipse\fileworkspace\React-practices\integration\app01.emaillist\backend\controllers\emaillist.js:6:29)
2021-08-09 15:47:39 error: Error: Can't add new command when connection is in closed state
    at Connection._addCommandClosedState (C:\eclipse-jee-2021-03-R-win32-x86_64\eclipse\fileworkspace\React-practices\integration\app01.emaillist\node_modules\mysql2\lib\connection.js:137:17)
    at Connection.end (C:\eclipse-jee-2021-03-R-win32-x86_64\eclipse\fileworkspace\React-practices\integration\app01.emaillist\node_modules\mysql2\lib\connection.js:819:26)
    at Object.findAll (C:\eclipse-jee-2021-03-R-win32-x86_64\eclipse\fileworkspace\React-practices\integration\app01.emaillist\backend\models\emaillist.js:18:18)
    at processTicksAndRejections (internal/process/task_queues.js:95:5)
    at async readAll (C:\eclipse-jee-2021-03-R-win32-x86_64\eclipse\fileworkspace\React-practices\integration\app01.emaillist\backend\controllers\emaillist.js:6:29)
2021-08-09 15:48:04 error: Error: Can't add new command when connection is in closed state
    at Connection._addCommandClosedState (C:\eclipse-jee-2021-03-R-win32-x86_64\eclipse\fileworkspace\React-practices\integration\app01.emaillist\node_modules\mysql2\lib\connection.js:137:17)
    at Connection.end (C:\eclipse-jee-2021-03-R-win32-x86_64\eclipse\fileworkspace\React-practices\integration\app01.emaillist\node_modules\mysql2\lib\connection.js:819:26)
    at Object.findAll (C:\eclipse-jee-2021-03-R-win32-x86_64\eclipse\fileworkspace\React-practices\integration\app01.emaillist\backend\models\emaillist.js:18:18)
    at processTicksAndRejections (internal/process/task_queues.js:95:5)
    at async readAll (C:\eclipse-jee-2021-03-R-win32-x86_64\eclipse\fileworkspace\React-practices\integration\app01.emaillist\backend\controllers\emaillist.js:6:29)
2021-08-09 15:48:23 error: Error: Can't add new command when connection is in closed state
    at Connection._addCommandClosedState (C:\eclipse-jee-2021-03-R-win32-x86_64\eclipse\fileworkspace\React-practices\integration\app01.emaillist\node_modules\mysql2\lib\connection.js:137:17)
    at Connection.end (C:\eclipse-jee-2021-03-R-win32-x86_64\eclipse\fileworkspace\React-practices\integration\app01.emaillist\node_modules\mysql2\lib\connection.js:819:26)
    at Object.findAll (C:\eclipse-jee-2021-03-R-win32-x86_64\eclipse\fileworkspace\React-practices\integration\app01.emaillist\backend\models\emaillist.js:18:18)
    at processTicksAndRejections (internal/process/task_queues.js:95:5)
    at async readAll (C:\eclipse-jee-2021-03-R-win32-x86_64\eclipse\fileworkspace\React-practices\integration\app01.emaillist\backend\controllers\emaillist.js:6:29)
2021-08-09 15:49:10 error: Error: Can't add new command when connection is in closed state
    at Connection._addCommandClosedState (C:\eclipse-jee-2021-03-R-win32-x86_64\eclipse\fileworkspace\React-practices\integration\app01.emaillist\node_modules\mysql2\lib\connection.js:137:17)
    at Connection.end (C:\eclipse-jee-2021-03-R-win32-x86_64\eclipse\fileworkspace\React-practices\integration\app01.emaillist\node_modules\mysql2\lib\connection.js:819:26)
    at Object.findAll (C:\eclipse-jee-2021-03-R-win32-x86_64\eclipse\fileworkspace\React-practices\integration\app01.emaillist\backend\models\emaillist.js:18:18)
    at processTicksAndRejections (internal/process/task_queues.js:95:5)
    at async readAll (C:\eclipse-jee-2021-03-R-win32-x86_64\eclipse\fileworkspace\React-practices\integration\app01.emaillist\backend\controllers\emaillist.js:6:29)
2021-08-09 15:49:12 error: Error: Can't add new command when connection is in closed state
    at Connection._addCommandClosedState (C:\eclipse-jee-2021-03-R-win32-x86_64\eclipse\fileworkspace\React-practices\integration\app01.emaillist\node_modules\mysql2\lib\connection.js:137:17)
    at Connection.end (C:\eclipse-jee-2021-03-R-win32-x86_64\eclipse\fileworkspace\React-practices\integration\app01.emaillist\node_modules\mysql2\lib\connection.js:819:26)
    at Object.findAll (C:\eclipse-jee-2021-03-R-win32-x86_64\eclipse\fileworkspace\React-practices\integration\app01.emaillist\backend\models\emaillist.js:18:18)
    at processTicksAndRejections (internal/process/task_queues.js:95:5)
    at async readAll (C:\eclipse-jee-2021-03-R-win32-x86_64\eclipse\fileworkspace\React-practices\integration\app01.emaillist\backend\controllers\emaillist.js:6:29)
2021-08-09 15:50:10 error: Error: Can't add new command when connection is in closed state
    at Connection._addCommandClosedState (C:\eclipse-jee-2021-03-R-win32-x86_64\eclipse\fileworkspace\React-practices\integration\app01.emaillist\node_modules\mysql2\lib\connection.js:137:17)
    at Connection.end (C:\eclipse-jee-2021-03-R-win32-x86_64\eclipse\fileworkspace\React-practices\integration\app01.emaillist\node_modules\mysql2\lib\connection.js:819:26)
    at Object.findAll (C:\eclipse-jee-2021-03-R-win32-x86_64\eclipse\fileworkspace\React-practices\integration\app01.emaillist\backend\models\emaillist.js:18:18)
    at processTicksAndRejections (internal/process/task_queues.js:95:5)
    at async readAll (C:\eclipse-jee-2021-03-R-win32-x86_64\eclipse\fileworkspace\React-practices\integration\app01.emaillist\backend\controllers\emaillist.js:6:29)
2021-08-09 17:50:34 error: Error: Can't add new command when connection is in closed state
    at Connection._addCommandClosedState (C:\eclipse-jee-2021-03-R-win32-x86_64\eclipse\fileworkspace\React-practices\integration\app01.emaillist\node_modules\mysql2\lib\connection.js:137:17)
    at Connection.end (C:\eclipse-jee-2021-03-R-win32-x86_64\eclipse\fileworkspace\React-practices\integration\app01.emaillist\node_modules\mysql2\lib\connection.js:819:26)
    at Object.findAll (C:\eclipse-jee-2021-03-R-win32-x86_64\eclipse\fileworkspace\React-practices\integration\app01.emaillist\backend\models\emaillist.js:18:18)
    at processTicksAndRejections (internal/process/task_queues.js:95:5)
    at async readAll (C:\eclipse-jee-2021-03-R-win32-x86_64\eclipse\fileworkspace\React-practices\integration\app01.emaillist\backend\controllers\emaillist.js:6:29)
