2021-08-09 12:24:53 info: Listening on port 8080
2021-08-09 12:25:48 info: Listening on port 8080
2021-08-09 12:26:24 info: Listening on port 8080
2021-08-09 12:27:11 info: Listening on port 8888
2021-08-09 12:28:08 info: Listening on port 8888
2021-08-09 12:28:13 info: Listening on port 8888
2021-08-09 12:28:26 info: Listening on port 8888
2021-08-09 12:28:31 info: Listening on port 8888
2021-08-09 12:28:36 info: Listening on port 8888
2021-08-09 12:29:22 info: Listening on port 8888
2021-08-09 12:29:26 info: Listening on port 8888
2021-08-09 12:29:33 info: Listening on port 8888
2021-08-09 12:29:41 info: Listening on port 8888
2021-08-09 12:30:37 info: Listening on port 8888
2021-08-09 12:30:42 info: Listening on port 8888
2021-08-09 12:30:56 info: Listening on port 8888
2021-08-09 12:31:02 info: Listening on port 8888
2021-08-09 12:31:43 info: Listening on port 8888
2021-08-09 12:32:00 info: Listening on port 8888
2021-08-09 12:33:01 info: Listening on port 8888
2021-08-09 12:35:56 info: Listening on port 8888
2021-08-09 12:36:01 info: Listening on port 8888
2021-08-09 12:39:43 info: Listening on port 8888
2021-08-09 12:40:26 info: Listening on port 8888
2021-08-09 12:42:44 info: Listening on port 8888
2021-08-09 12:44:38 info: Listening on port 8888
2021-08-09 12:44:50 info: Listening on port 8888
2021-08-09 12:44:54 info: Listening on port 8888
2021-08-09 13:45:25 info: Listening on port 8888
2021-08-09 14:01:32 info: Listening on port 8888
2021-08-09 14:07:16 info: Listening on port 8888
2021-08-09 14:08:08 info: Listening on port 8888
2021-08-09 14:09:00 info: Listening on port 8888
2021-08-09 14:09:36 info: Listening on port 8888
2021-08-09 14:10:31 info: Listening on port 8888
2021-08-09 14:19:01 info: Listening on port 8888
2021-08-09 15:19:53 info: Listening on port 8888
2021-08-09 15:21:13 info: Listening on port 8888
2021-08-09 15:21:17 info: Listening on port 8888
2021-08-09 15:40:09 info: Listening on port 8888
2021-08-09 15:41:18 info: Listening on port 8888
2021-08-09 15:44:29 info: Listening on port 8888
2021-08-09 15:44:42 error: Error: Can't add new command when connection is in closed state
    at Connection._addCommandClosedState (C:\eclipse-jee-2021-03-R-win32-x86_64\eclipse\fileworkspace\React-practices\integration\app01.emaillist\node_modules\mysql2\lib\connection.js:137:17)
    at Connection.end (C:\eclipse-jee-2021-03-R-win32-x86_64\eclipse\fileworkspace\React-practices\integration\app01.emaillist\node_modules\mysql2\lib\connection.js:819:26)
    at Object.findAll (C:\eclipse-jee-2021-03-R-win32-x86_64\eclipse\fileworkspace\React-practices\integration\app01.emaillist\backend\models\emaillist.js:18:18)
    at processTicksAndRejections (internal/process/task_queues.js:95:5)
    at async readAll (C:\eclipse-jee-2021-03-R-win32-x86_64\eclipse\fileworkspace\React-practices\integration\app01.emaillist\backend\controllers\emaillist.js:6:29)
2021-08-09 15:44:52 error: Error: Can't add new command when connection is in closed state
    at Connection._addCommandClosedState (C:\eclipse-jee-2021-03-R-win32-x86_64\eclipse\fileworkspace\React-practices\integration\app01.emaillist\node_modules\mysql2\lib\connection.js:137:17)
    at Connection.end (C:\eclipse-jee-2021-03-R-win32-x86_64\eclipse\fileworkspace\React-practices\integration\app01.emaillist\node_modules\mysql2\lib\connection.js:819:26)
    at Object.findAll (C:\eclipse-jee-2021-03-R-win32-x86_64\eclipse\fileworkspace\React-practices\integration\app01.emaillist\backend\models\emaillist.js:18:18)
    at processTicksAndRejections (internal/process/task_queues.js:95:5)
    at async readAll (C:\eclipse-jee-2021-03-R-win32-x86_64\eclipse\fileworkspace\React-practices\integration\app01.emaillist\backend\controllers\emaillist.js:6:29)
2021-08-09 15:46:59 error: Error: Can't add new command when connection is in closed state
    at Connection._addCommandClosedState (C:\eclipse-jee-2021-03-R-win32-x86_64\eclipse\fileworkspace\React-practices\integration\app01.emaillist\node_modules\mysql2\lib\connection.js:137:17)
    at Connection.end (C:\eclipse-jee-2021-03-R-win32-x86_64\eclipse\fileworkspace\React-practices\integration\app01.emaillist\node_modules\mysql2\lib\connection.js:819:26)
    at Object.findAll (C:\eclipse-jee-2021-03-R-win32-x86_64\eclipse\fileworkspace\React-practices\integration\app01.emaillist\backend\models\emaillist.js:18:18)
    at processTicksAndRejections (internal/process/task_queues.js:95:5)
    at async readAll (C:\eclipse-jee-2021-03-R-win32-x86_64\eclipse\fileworkspace\React-practices\integration\app01.emaillist\backend\controllers\emaillist.js:6:29)
2021-08-09 15:47:01 error: Error: Can't add new command when connection is in closed state
    at Connection._addCommandClosedState (C:\eclipse-jee-2021-03-R-win32-x86_64\eclipse\fileworkspace\React-practices\integration\app01.emaillist\node_modules\mysql2\lib\connection.js:137:17)
    at Connection.end (C:\eclipse-jee-2021-03-R-win32-x86_64\eclipse\fileworkspace\React-practices\integration\app01.emaillist\node_modules\mysql2\lib\connection.js:819:26)
    at Object.findAll (C:\eclipse-jee-2021-03-R-win32-x86_64\eclipse\fileworkspace\React-practices\integration\app01.emaillist\backend\models\emaillist.js:18:18)
    at processTicksAndRejections (internal/process/task_queues.js:95:5)
    at async readAll (C:\eclipse-jee-2021-03-R-win32-x86_64\eclipse\fileworkspace\React-practices\integration\app01.emaillist\backend\controllers\emaillist.js:6:29)
2021-08-09 15:47:15 error: Error: Can't add new command when connection is in closed state
    at Connection._addCommandClosedState (C:\eclipse-jee-2021-03-R-win32-x86_64\eclipse\fileworkspace\React-practices\integration\app01.emaillist\node_modules\mysql2\lib\connection.js:137:17)
    at Connection.end (C:\eclipse-jee-2021-03-R-win32-x86_64\eclipse\fileworkspace\React-practices\integration\app01.emaillist\node_modules\mysql2\lib\connection.js:819:26)
    at Object.findAll (C:\eclipse-jee-2021-03-R-win32-x86_64\eclipse\fileworkspace\React-practices\integration\app01.emaillist\backend\models\emaillist.js:18:18)
    at processTicksAndRejections (internal/process/task_queues.js:95:5)
    at async readAll (C:\eclipse-jee-2021-03-R-win32-x86_64\eclipse\fileworkspace\React-practices\integration\app01.emaillist\backend\controllers\emaillist.js:6:29)
2021-08-09 15:47:17 error: Error: Can't add new command when connection is in closed state
    at Connection._addCommandClosedState (C:\eclipse-jee-2021-03-R-win32-x86_64\eclipse\fileworkspace\React-practices\integration\app01.emaillist\node_modules\mysql2\lib\connection.js:137:17)
    at Connection.end (C:\eclipse-jee-2021-03-R-win32-x86_64\eclipse\fileworkspace\React-practices\integration\app01.emaillist\node_modules\mysql2\lib\connection.js:819:26)
    at Object.findAll (C:\eclipse-jee-2021-03-R-win32-x86_64\eclipse\fileworkspace\React-practices\integration\app01.emaillist\backend\models\emaillist.js:18:18)
    at processTicksAndRejections (internal/process/task_queues.js:95:5)
    at async readAll (C:\eclipse-jee-2021-03-R-win32-x86_64\eclipse\fileworkspace\React-practices\integration\app01.emaillist\backend\controllers\emaillist.js:6:29)
2021-08-09 15:47:17 error: Error: Can't add new command when connection is in closed state
    at Connection._addCommandClosedState (C:\eclipse-jee-2021-03-R-win32-x86_64\eclipse\fileworkspace\React-practices\integration\app01.emaillist\node_modules\mysql2\lib\connection.js:137:17)
    at Connection.end (C:\eclipse-jee-2021-03-R-win32-x86_64\eclipse\fileworkspace\React-practices\integration\app01.emaillist\node_modules\mysql2\lib\connection.js:819:26)
    at Object.findAll (C:\eclipse-jee-2021-03-R-win32-x86_64\eclipse\fileworkspace\React-practices\integration\app01.emaillist\backend\models\emaillist.js:18:18)
    at processTicksAndRejections (internal/process/task_queues.js:95:5)
    at async readAll (C:\eclipse-jee-2021-03-R-win32-x86_64\eclipse\fileworkspace\React-practices\integration\app01.emaillist\backend\controllers\emaillist.js:6:29)
2021-08-09 15:47:26 info: Listening on port 8888
2021-08-09 15:47:39 error: Error: Can't add new command when connection is in closed state
    at Connection._addCommandClosedState (C:\eclipse-jee-2021-03-R-win32-x86_64\eclipse\fileworkspace\React-practices\integration\app01.emaillist\node_modules\mysql2\lib\connection.js:137:17)
    at Connection.end (C:\eclipse-jee-2021-03-R-win32-x86_64\eclipse\fileworkspace\React-practices\integration\app01.emaillist\node_modules\mysql2\lib\connection.js:819:26)
    at Object.findAll (C:\eclipse-jee-2021-03-R-win32-x86_64\eclipse\fileworkspace\React-practices\integration\app01.emaillist\backend\models\emaillist.js:18:18)
    at processTicksAndRejections (internal/process/task_queues.js:95:5)
    at async readAll (C:\eclipse-jee-2021-03-R-win32-x86_64\eclipse\fileworkspace\React-practices\integration\app01.emaillist\backend\controllers\emaillist.js:6:29)
2021-08-09 15:48:04 error: Error: Can't add new command when connection is in closed state
    at Connection._addCommandClosedState (C:\eclipse-jee-2021-03-R-win32-x86_64\eclipse\fileworkspace\React-practices\integration\app01.emaillist\node_modules\mysql2\lib\connection.js:137:17)
    at Connection.end (C:\eclipse-jee-2021-03-R-win32-x86_64\eclipse\fileworkspace\React-practices\integration\app01.emaillist\node_modules\mysql2\lib\connection.js:819:26)
    at Object.findAll (C:\eclipse-jee-2021-03-R-win32-x86_64\eclipse\fileworkspace\React-practices\integration\app01.emaillist\backend\models\emaillist.js:18:18)
    at processTicksAndRejections (internal/process/task_queues.js:95:5)
    at async readAll (C:\eclipse-jee-2021-03-R-win32-x86_64\eclipse\fileworkspace\React-practices\integration\app01.emaillist\backend\controllers\emaillist.js:6:29)
2021-08-09 15:48:23 error: Error: Can't add new command when connection is in closed state
    at Connection._addCommandClosedState (C:\eclipse-jee-2021-03-R-win32-x86_64\eclipse\fileworkspace\React-practices\integration\app01.emaillist\node_modules\mysql2\lib\connection.js:137:17)
    at Connection.end (C:\eclipse-jee-2021-03-R-win32-x86_64\eclipse\fileworkspace\React-practices\integration\app01.emaillist\node_modules\mysql2\lib\connection.js:819:26)
    at Object.findAll (C:\eclipse-jee-2021-03-R-win32-x86_64\eclipse\fileworkspace\React-practices\integration\app01.emaillist\backend\models\emaillist.js:18:18)
    at processTicksAndRejections (internal/process/task_queues.js:95:5)
    at async readAll (C:\eclipse-jee-2021-03-R-win32-x86_64\eclipse\fileworkspace\React-practices\integration\app01.emaillist\backend\controllers\emaillist.js:6:29)
2021-08-09 15:49:10 error: Error: Can't add new command when connection is in closed state
    at Connection._addCommandClosedState (C:\eclipse-jee-2021-03-R-win32-x86_64\eclipse\fileworkspace\React-practices\integration\app01.emaillist\node_modules\mysql2\lib\connection.js:137:17)
    at Connection.end (C:\eclipse-jee-2021-03-R-win32-x86_64\eclipse\fileworkspace\React-practices\integration\app01.emaillist\node_modules\mysql2\lib\connection.js:819:26)
    at Object.findAll (C:\eclipse-jee-2021-03-R-win32-x86_64\eclipse\fileworkspace\React-practices\integration\app01.emaillist\backend\models\emaillist.js:18:18)
    at processTicksAndRejections (internal/process/task_queues.js:95:5)
    at async readAll (C:\eclipse-jee-2021-03-R-win32-x86_64\eclipse\fileworkspace\React-practices\integration\app01.emaillist\backend\controllers\emaillist.js:6:29)
2021-08-09 15:49:12 error: Error: Can't add new command when connection is in closed state
    at Connection._addCommandClosedState (C:\eclipse-jee-2021-03-R-win32-x86_64\eclipse\fileworkspace\React-practices\integration\app01.emaillist\node_modules\mysql2\lib\connection.js:137:17)
    at Connection.end (C:\eclipse-jee-2021-03-R-win32-x86_64\eclipse\fileworkspace\React-practices\integration\app01.emaillist\node_modules\mysql2\lib\connection.js:819:26)
    at Object.findAll (C:\eclipse-jee-2021-03-R-win32-x86_64\eclipse\fileworkspace\React-practices\integration\app01.emaillist\backend\models\emaillist.js:18:18)
    at processTicksAndRejections (internal/process/task_queues.js:95:5)
    at async readAll (C:\eclipse-jee-2021-03-R-win32-x86_64\eclipse\fileworkspace\React-practices\integration\app01.emaillist\backend\controllers\emaillist.js:6:29)
2021-08-09 15:50:10 error: Error: Can't add new command when connection is in closed state
    at Connection._addCommandClosedState (C:\eclipse-jee-2021-03-R-win32-x86_64\eclipse\fileworkspace\React-practices\integration\app01.emaillist\node_modules\mysql2\lib\connection.js:137:17)
    at Connection.end (C:\eclipse-jee-2021-03-R-win32-x86_64\eclipse\fileworkspace\React-practices\integration\app01.emaillist\node_modules\mysql2\lib\connection.js:819:26)
    at Object.findAll (C:\eclipse-jee-2021-03-R-win32-x86_64\eclipse\fileworkspace\React-practices\integration\app01.emaillist\backend\models\emaillist.js:18:18)
    at processTicksAndRejections (internal/process/task_queues.js:95:5)
    at async readAll (C:\eclipse-jee-2021-03-R-win32-x86_64\eclipse\fileworkspace\React-practices\integration\app01.emaillist\backend\controllers\emaillist.js:6:29)
2021-08-09 17:50:11 info: Listening on port 8888
2021-08-09 17:50:34 error: Error: Can't add new command when connection is in closed state
    at Connection._addCommandClosedState (C:\eclipse-jee-2021-03-R-win32-x86_64\eclipse\fileworkspace\React-practices\integration\app01.emaillist\node_modules\mysql2\lib\connection.js:137:17)
    at Connection.end (C:\eclipse-jee-2021-03-R-win32-x86_64\eclipse\fileworkspace\React-practices\integration\app01.emaillist\node_modules\mysql2\lib\connection.js:819:26)
    at Object.findAll (C:\eclipse-jee-2021-03-R-win32-x86_64\eclipse\fileworkspace\React-practices\integration\app01.emaillist\backend\models\emaillist.js:18:18)
    at processTicksAndRejections (internal/process/task_queues.js:95:5)
    at async readAll (C:\eclipse-jee-2021-03-R-win32-x86_64\eclipse\fileworkspace\React-practices\integration\app01.emaillist\backend\controllers\emaillist.js:6:29)
2021-08-09 18:06:51 info: Listening on port 8888
